c:\coding folder\my own projects\uwuhook loader\uwuhook\build\release\intermediates\vc143.pdb
c:\coding folder\my own projects\uwuhook loader\uwuhook\build\release\intermediates\ui.obj
c:\coding folder\my own projects\uwuhook loader\uwuhook\build\release\intermediates\modules.obj
c:\coding folder\my own projects\uwuhook loader\uwuhook\build\release\intermediates\memory.obj
c:\coding folder\my own projects\uwuhook loader\uwuhook\build\release\intermediates\debug.obj
c:\coding folder\my own projects\uwuhook loader\uwuhook\build\release\intermediates\cleaner.obj
c:\coding folder\my own projects\uwuhook loader\uwuhook\build\release\intermediates\rename.obj
c:\coding folder\my own projects\uwuhook loader\uwuhook\build\release\intermediates\main.obj
c:\coding folder\my own projects\uwuhook loader\uwuhook\build\release\intermediates\imgui_widgets.obj
c:\coding folder\my own projects\uwuhook loader\uwuhook\build\release\intermediates\imgui_tables.obj
c:\coding folder\my own projects\uwuhook loader\uwuhook\build\release\intermediates\imgui_freetype.obj
c:\coding folder\my own projects\uwuhook loader\uwuhook\build\release\intermediates\imgui_draw.obj
c:\coding folder\my own projects\uwuhook loader\uwuhook\build\release\intermediates\imgui.obj
c:\coding folder\my own projects\uwuhook loader\uwuhook\build\release\intermediates\imgui_impl_win32.obj
c:\coding folder\my own projects\uwuhook loader\uwuhook\build\release\intermediates\imgui_impl_dx11.obj
c:\coding folder\my own projects\uwuhook loader\uwuhook\build\release\intermediates\integrity_check.obj
c:\coding folder\my own projects\uwuhook loader\uwuhook\build\release\intermediates\anti_dump.obj
c:\coding folder\my own projects\uwuhook loader\uwuhook\build\release\intermediates\anti_debugger.obj
c:\coding folder\my own projects\uwuhook loader\uwuhook\build\release\intermediates\anti_attach.obj
c:\coding folder\my own projects\uwuhook loader\uwuhook\build\release\intermediates\protectmain.obj
c:\coding folder\my own projects\uwuhook loader\uwuhook\build\release\msutil.exe
c:\coding folder\my own projects\uwuhook loader\uwuhook\build\release\msutil.pdb
c:\coding folder\my own projects\uwuhook loader\uwuhook\build\release\intermediates\uwuhook.res
c:\coding folder\my own projects\uwuhook loader\uwuhook\build\release\intermediates\umium.obj
c:\coding folder\my own projects\uwuhook loader\uwuhook\build\release\intermediates\catpaw client loader.vcxproj.filelistabsolute.txt
c:\coding folder\my own projects\uwuhook loader\uwuhook\build\release\intermediates\uwuhook.tlog\cl.command.1.tlog
c:\coding folder\my own projects\uwuhook loader\uwuhook\build\release\intermediates\uwuhook.tlog\cl.items.tlog
c:\coding folder\my own projects\uwuhook loader\uwuhook\build\release\intermediates\uwuhook.tlog\cl.read.1.tlog
c:\coding folder\my own projects\uwuhook loader\uwuhook\build\release\intermediates\uwuhook.tlog\cl.write.1.tlog
c:\coding folder\my own projects\uwuhook loader\uwuhook\build\release\intermediates\uwuhook.tlog\link.command.1.tlog
c:\coding folder\my own projects\uwuhook loader\uwuhook\build\release\intermediates\uwuhook.tlog\link.read.1.tlog
c:\coding folder\my own projects\uwuhook loader\uwuhook\build\release\intermediates\uwuhook.tlog\link.secondary.1.tlog
c:\coding folder\my own projects\uwuhook loader\uwuhook\build\release\intermediates\uwuhook.tlog\link.write.1.tlog
c:\coding folder\my own projects\uwuhook loader\uwuhook\build\release\intermediates\uwuhook.tlog\rc.command.1.tlog
c:\coding folder\my own projects\uwuhook loader\uwuhook\build\release\intermediates\uwuhook.tlog\rc.read.1.tlog
c:\coding folder\my own projects\uwuhook loader\uwuhook\build\release\intermediates\uwuhook.tlog\rc.write.1.tlog
